e:\vs2022\projects\mica_profile_manual\mica_profile\x64\debug\vc143.pdb
e:\vs2022\projects\mica_profile_manual\mica_profile\x64\debug\vc143.idb
e:\vs2022\projects\mica_profile_manual\mica_profile\x64\debug\uint64_minus.obj
e:\vs2022\projects\mica_profile_manual\mica_profile\x64\debug\statistic_trace.obj
e:\vs2022\projects\mica_profile_manual\mica_profile\x64\debug\serial_inst_dist.obj
e:\vs2022\projects\mica_profile_manual\mica_profile\x64\debug\reg_depend_length.obj
e:\vs2022\projects\mica_profile_manual\mica_profile\x64\debug\main.obj
e:\vs2022\projects\mica_profile_manual\mica_profile\x64\debug\inst_mix_ratio.obj
e:\vs2022\projects\mica_profile_manual\mica_profile\x64\debug\inst_locality.obj
e:\vs2022\projects\mica_profile_manual\mica_profile\x64\debug\decode_aarch64.obj
e:\vs2022\projects\mica_profile_manual\mica_profile\x64\debug\decode_aarch32.obj
e:\vs2022\projects\mica_profile_manual\mica_profile\x64\debug\data_locality.obj
e:\vs2022\projects\mica_profile_manual\mica_profile\x64\debug\calc_critical_path.obj
e:\vs2022\projects\mica_profile_manual\mica_profile\x64\debug\branch_behavior.obj
e:\vs2022\projects\mica_profile_manual\mica_profile\x64\debug\mica_profile.ilk
e:\vs2022\projects\mica_profile_manual\mica_profile\x64\debug\mica_profile.exe
e:\vs2022\projects\mica_profile_manual\mica_profile\x64\debug\mica_profile.pdb
e:\vs2022\projects\mica_profile_manual\mica_profile\x64\debug\mica_profile.tlog\cl.command.1.tlog
e:\vs2022\projects\mica_profile_manual\mica_profile\x64\debug\mica_profile.tlog\cl.read.1.tlog
e:\vs2022\projects\mica_profile_manual\mica_profile\x64\debug\mica_profile.tlog\cl.write.1.tlog
e:\vs2022\projects\mica_profile_manual\mica_profile\x64\debug\mica_profile.tlog\link.command.1.tlog
e:\vs2022\projects\mica_profile_manual\mica_profile\x64\debug\mica_profile.tlog\link.read.1.tlog
e:\vs2022\projects\mica_profile_manual\mica_profile\x64\debug\mica_profile.tlog\link.write.1.tlog
