e:\vs2022\projects\mica_profile_manual\mica_profile\x64\release\vc143.pdb
e:\vs2022\projects\mica_profile_manual\mica_profile\x64\release\uint64_minus.obj
e:\vs2022\projects\mica_profile_manual\mica_profile\x64\release\statistic_trace.obj
e:\vs2022\projects\mica_profile_manual\mica_profile\x64\release\serial_inst_dist.obj
e:\vs2022\projects\mica_profile_manual\mica_profile\x64\release\reg_depend_length.obj
e:\vs2022\projects\mica_profile_manual\mica_profile\x64\release\main.obj
e:\vs2022\projects\mica_profile_manual\mica_profile\x64\release\inst_mix_ratio.obj
e:\vs2022\projects\mica_profile_manual\mica_profile\x64\release\inst_locality.obj
e:\vs2022\projects\mica_profile_manual\mica_profile\x64\release\decode_aarch64.obj
e:\vs2022\projects\mica_profile_manual\mica_profile\x64\release\decode_aarch32.obj
e:\vs2022\projects\mica_profile_manual\mica_profile\x64\release\data_locality.obj
e:\vs2022\projects\mica_profile_manual\mica_profile\x64\release\calc_critical_path.obj
e:\vs2022\projects\mica_profile_manual\mica_profile\x64\release\branch_behavior.obj
e:\vs2022\projects\mica_profile_manual\mica_profile\x64\release\mica_profile.ilk
e:\vs2022\projects\mica_profile_manual\mica_profile\x64\release\mica_profile.exe
e:\vs2022\projects\mica_profile_manual\mica_profile\x64\release\mica_profile.pdb
e:\vs2022\projects\mica_profile_manual\mica_profile\x64\release\mica_profile.tlog\cl.command.1.tlog
e:\vs2022\projects\mica_profile_manual\mica_profile\x64\release\mica_profile.tlog\cl.read.1.tlog
e:\vs2022\projects\mica_profile_manual\mica_profile\x64\release\mica_profile.tlog\cl.write.1.tlog
e:\vs2022\projects\mica_profile_manual\mica_profile\x64\release\mica_profile.tlog\link.command.1.tlog
e:\vs2022\projects\mica_profile_manual\mica_profile\x64\release\mica_profile.tlog\link.read.1.tlog
e:\vs2022\projects\mica_profile_manual\mica_profile\x64\release\mica_profile.tlog\link.write.1.tlog
